Determining if the pthread_create exist failed with the following output:
Change Dir: /home/utkarsh/rover_sim/catkin_ws/src/build/CMakeFiles/CMakeTmp

Run Build Command:/usr/bin/make "cmTryCompileExec605261315/fast"
/usr/bin/make -f CMakeFiles/cmTryCompileExec605261315.dir/build.make CMakeFiles/cmTryCompileExec605261315.dir/build
make[1]: Entering directory `/home/utkarsh/rover_sim/catkin_ws/src/build/CMakeFiles/CMakeTmp'
/usr/bin/cmake -E cmake_progress_report /home/utkarsh/rover_sim/catkin_ws/src/build/CMakeFiles/CMakeTmp/CMakeFiles 1
Building C object CMakeFiles/cmTryCompileExec605261315.dir/CheckSymbolExists.c.o
/usr/bin/cc    -o CMakeFiles/cmTryCompileExec605261315.dir/CheckSymbolExists.c.o   -c /home/utkarsh/rover_sim/catkin_ws/src/build/CMakeFiles/CMakeTmp/CheckSymbolExists.c
Linking C executable cmTryCompileExec605261315
/usr/bin/cmake -E cmake_link_script CMakeFiles/cmTryCompileExec605261315.dir/link.txt --verbose=1
/usr/bin/cc       CMakeFiles/cmTryCompileExec605261315.dir/CheckSymbolExists.c.o  -o cmTryCompileExec605261315 -rdynamic 
CMakeFiles/cmTryCompileExec605261315.dir/CheckSymbolExists.c.o: In function `main':
CheckSymbolExists.c:(.text+0x16): undefined reference to `pthread_create'
collect2: error: ld returned 1 exit status
make[1]: *** [cmTryCompileExec605261315] Error 1
make[1]: Leaving directory `/home/utkarsh/rover_sim/catkin_ws/src/build/CMakeFiles/CMakeTmp'
make: *** [cmTryCompileExec605261315/fast] Error 2

File /home/utkarsh/rover_sim/catkin_ws/src/build/CMakeFiles/CMakeTmp/CheckSymbolExists.c:
/* */
#include <pthread.h>

int main(int argc, char** argv)
{
  (void)argv;
#ifndef pthread_create
  return ((int*)(&pthread_create))[argc];
#else
  (void)argc;
  return 0;
#endif
}

Determining if the function pthread_create exists in the pthreads failed with the following output:
Change Dir: /home/utkarsh/rover_sim/catkin_ws/src/build/CMakeFiles/CMakeTmp

Run Build Command:/usr/bin/make "cmTryCompileExec4271196305/fast"
/usr/bin/make -f CMakeFiles/cmTryCompileExec4271196305.dir/build.make CMakeFiles/cmTryCompileExec4271196305.dir/build
make[1]: Entering directory `/home/utkarsh/rover_sim/catkin_ws/src/build/CMakeFiles/CMakeTmp'
/usr/bin/cmake -E cmake_progress_report /home/utkarsh/rover_sim/catkin_ws/src/build/CMakeFiles/CMakeTmp/CMakeFiles 1
Building C object CMakeFiles/cmTryCompileExec4271196305.dir/CheckFunctionExists.c.o
/usr/bin/cc   -DCHECK_FUNCTION_EXISTS=pthread_create   -o CMakeFiles/cmTryCompileExec4271196305.dir/CheckFunctionExists.c.o   -c /usr/share/cmake-2.8/Modules/CheckFunctionExists.c
Linking C executable cmTryCompileExec4271196305
/usr/bin/cmake -E cmake_link_script CMakeFiles/cmTryCompileExec4271196305.dir/link.txt --verbose=1
/usr/bin/cc   -DCHECK_FUNCTION_EXISTS=pthread_create    CMakeFiles/cmTryCompileExec4271196305.dir/CheckFunctionExists.c.o  -o cmTryCompileExec4271196305 -rdynamic -lpthreads 
/usr/bin/ld: cannot find -lpthreads
collect2: error: ld returned 1 exit status
make[1]: *** [cmTryCompileExec4271196305] Error 1
make[1]: Leaving directory `/home/utkarsh/rover_sim/catkin_ws/src/build/CMakeFiles/CMakeTmp'
make: *** [cmTryCompileExec4271196305/fast] Error 2


